# JRE version: Java(TM) SE Runtime Environment (8.0_221-b11) (build 1.8.0_221-b11)
# Java VM: Java HotSpot(TM) 64-Bit Server VM (25.221-b11 mixed mode windows-amd64 compressed oops)
Heap:
 PSYoungGen      total 275456K, used 90039K [0x000000076ae00000, 0x000000077d780000, 0x00000007c0000000)
  eden space 258048K, 28% used [0x000000076ae00000,0x000000076f4ef518,0x000000077aa00000)
  from space 17408K, 99% used [0x000000077c680000,0x000000077d77e798,0x000000077d780000)
  to   space 17920K, 0% used [0x000000077aa00000,0x000000077aa00000,0x000000077bb80000)
 ParOldGen       total 117248K, used 30453K [0x00000006c0a00000, 0x00000006c7c80000, 0x000000076ae00000)
  object space 117248K, 25% used [0x00000006c0a00000,0x00000006c27bd588,0x00000006c7c80000)
 Metaspace       used 36921K, capacity 38148K, committed 38400K, reserved 1083392K
  class space    used 4259K, capacity 4589K, committed 4608K, reserved 1048576K
GC Heap History (10 events):
Event: 2.279 GC heap before
{Heap before GC invocations=6 (full 1):
 PSYoungGen      total 141824K, used 10720K [0x000000076ae00000, 0x000000077cd00000, 0x00000007c0000000)
  eden space 131072K, 0% used [0x000000076ae00000,0x000000076ae00000,0x0000000772e00000)
  from space 10752K, 99% used [0x0000000772e00000,0x0000000773878020,0x0000000773880000)
  to   space 15872K, 0% used [0x000000077bd80000,0x000000077bd80000,0x000000077cd00000)
 ParOldGen       total 175104K, used 7991K [0x00000006c0a00000, 0x00000006cb500000, 0x000000076ae00000)
  object space 175104K, 4% used [0x00000006c0a00000,0x00000006c11cdc30,0x00000006cb500000)
 Metaspace       used 20479K, capacity 21176K, committed 21248K, reserved 1067008K
  class space    used 2522K, capacity 2771K, committed 2816K, reserved 1048576K
Event: 2.326 GC heap after
Heap after GC invocations=6 (full 1):
 PSYoungGen      total 141824K, used 0K [0x000000076ae00000, 0x000000077cd00000, 0x00000007c0000000)
  eden space 131072K, 0% used [0x000000076ae00000,0x000000076ae00000,0x0000000772e00000)
  from space 10752K, 0% used [0x0000000772e00000,0x0000000772e00000,0x0000000773880000)
  to   space 15872K, 0% used [0x000000077bd80000,0x000000077bd80000,0x000000077cd00000)
 ParOldGen       total 117248K, used 14035K [0x00000006c0a00000, 0x00000006c7c80000, 0x000000076ae00000)
  object space 117248K, 11% used [0x00000006c0a00000,0x00000006c17b4cf0,0x00000006c7c80000)
 Metaspace       used 20479K, capacity 21176K, committed 21248K, reserved 1067008K
  class space    used 2522K, capacity 2771K, committed 2816K, reserved 1048576K
}
Event: 4.012 GC heap before
{Heap before GC invocations=7 (full 1):
 PSYoungGen      total 141824K, used 131072K [0x000000076ae00000, 0x000000077cd00000, 0x00000007c0000000)
  eden space 131072K, 100% used [0x000000076ae00000,0x0000000772e00000,0x0000000772e00000)
  from space 10752K, 0% used [0x0000000772e00000,0x0000000772e00000,0x0000000773880000)
  to   space 15872K, 0% used [0x000000077bd80000,0x000000077bd80000,0x000000077cd00000)
 ParOldGen       total 117248K, used 14035K [0x00000006c0a00000, 0x00000006c7c80000, 0x000000076ae00000)
  object space 117248K, 11% used [0x00000006c0a00000,0x00000006c17b4cf0,0x00000006c7c80000)
 Metaspace       used 28137K, capacity 28940K, committed 29056K, reserved 1075200K
  class space    used 3348K, capacity 3606K, committed 3712K, reserved 1048576K
Event: 4.023 GC heap after
Heap after GC invocations=7 (full 1):
 PSYoungGen      total 206848K, used 15851K [0x000000076ae00000, 0x000000077cd00000, 0x00000007c0000000)
  eden space 190976K, 0% used [0x000000076ae00000,0x000000076ae00000,0x0000000776880000)
  from space 15872K, 99% used [0x000000077bd80000,0x000000077ccfae38,0x000000077cd00000)
  to   space 17920K, 0% used [0x000000077aa00000,0x000000077aa00000,0x000000077bb80000)
 ParOldGen       total 117248K, used 14814K [0x00000006c0a00000, 0x00000006c7c80000, 0x000000076ae00000)
  object space 117248K, 12% used [0x00000006c0a00000,0x00000006c1877bb0,0x00000006c7c80000)
 Metaspace       used 28137K, capacity 28940K, committed 29056K, reserved 1075200K
  class space    used 3348K, capacity 3606K, committed 3712K, reserved 1048576K
}
Event: 5.026 GC heap before
{Heap before GC invocations=8 (full 1):
 PSYoungGen      total 206848K, used 147192K [0x000000076ae00000, 0x000000077cd00000, 0x00000007c0000000)
  eden space 190976K, 68% used [0x000000076ae00000,0x0000000772e43480,0x0000000776880000)
  from space 15872K, 99% used [0x000000077bd80000,0x000000077ccfae38,0x000000077cd00000)
  to   space 17920K, 0% used [0x000000077aa00000,0x000000077aa00000,0x000000077bb80000)
 ParOldGen       total 117248K, used 14814K [0x00000006c0a00000, 0x00000006c7c80000, 0x000000076ae00000)
  object space 117248K, 12% used [0x00000006c0a00000,0x00000006c1877bb0,0x00000006c7c80000)
 Metaspace       used 34376K, capacity 35320K, committed 35416K, reserved 1081344K
  class space    used 4005K, capacity 4301K, committed 4352K, reserved 1048576K
Event: 5.033 GC heap after
Heap after GC invocations=8 (full 1):
 PSYoungGen      total 275968K, used 12195K [0x000000076ae00000, 0x000000077d780000, 0x00000007c0000000)
  eden space 258048K, 0% used [0x000000076ae00000,0x000000076ae00000,0x000000077aa00000)
  from space 17920K, 68% used [0x000000077aa00000,0x000000077b5e8c20,0x000000077bb80000)
  to   space 17408K, 0% used [0x000000077c680000,0x000000077c680000,0x000000077d780000)
 ParOldGen       total 117248K, used 14894K [0x00000006c0a00000, 0x00000006c7c80000, 0x000000076ae00000)
  object space 117248K, 12% used [0x00000006c0a00000,0x00000006c188bbc0,0x00000006c7c80000)
 Metaspace       used 34376K, capacity 35320K, committed 35416K, reserved 1081344K
  class space    used 4005K, capacity 4301K, committed 4352K, reserved 1048576K
}
Event: 5.033 GC heap before
{Heap before GC invocations=9 (full 2):
 PSYoungGen      total 275968K, used 12195K [0x000000076ae00000, 0x000000077d780000, 0x00000007c0000000)
  eden space 258048K, 0% used [0x000000076ae00000,0x000000076ae00000,0x000000077aa00000)
  from space 17920K, 68% used [0x000000077aa00000,0x000000077b5e8c20,0x000000077bb80000)
  to   space 17408K, 0% used [0x000000077c680000,0x000000077c680000,0x000000077d780000)
 ParOldGen       total 117248K, used 14894K [0x00000006c0a00000, 0x00000006c7c80000, 0x000000076ae00000)
  object space 117248K, 12% used [0x00000006c0a00000,0x00000006c188bbc0,0x00000006c7c80000)
 Metaspace       used 34376K, capacity 35320K, committed 35416K, reserved 1081344K
  class space    used 4005K, capacity 4301K, committed 4352K, reserved 1048576K
Event: 5.130 GC heap after
Heap after GC invocations=9 (full 2):
 PSYoungGen      total 275968K, used 0K [0x000000076ae00000, 0x000000077d780000, 0x00000007c0000000)
  eden space 258048K, 0% used [0x000000076ae00000,0x000000076ae00000,0x000000077aa00000)
  from space 17920K, 0% used [0x000000077aa00000,0x000000077aa00000,0x000000077bb80000)
  to   space 17408K, 0% used [0x000000077c680000,0x000000077c680000,0x000000077d780000)
 ParOldGen       total 117248K, used 25167K [0x00000006c0a00000, 0x00000006c7c80000, 0x000000076ae00000)
  object space 117248K, 21% used [0x00000006c0a00000,0x00000006c2293d78,0x00000006c7c80000)
 Metaspace       used 34329K, capacity 35212K, committed 35416K, reserved 1081344K
  class space    used 3999K, capacity 4293K, committed 4352K, reserved 1048576K
}
Event: 7.514 GC heap before
{Heap before GC invocations=10 (full 2):
 PSYoungGen      total 275968K, used 258048K [0x000000076ae00000, 0x000000077d780000, 0x00000007c0000000)
  eden space 258048K, 100% used [0x000000076ae00000,0x000000077aa00000,0x000000077aa00000)
  from space 17920K, 0% used [0x000000077aa00000,0x000000077aa00000,0x000000077bb80000)
  to   space 17408K, 0% used [0x000000077c680000,0x000000077c680000,0x000000077d780000)
 ParOldGen       total 117248K, used 25167K [0x00000006c0a00000, 0x00000006c7c80000, 0x000000076ae00000)
  object space 117248K, 21% used [0x00000006c0a00000,0x00000006c2293d78,0x00000006c7c80000)
 Metaspace       used 36831K, capacity 38014K, committed 38144K, reserved 1083392K
  class space    used 4258K, capacity 4588K, committed 4608K, reserved 1048576K
Event: 7.523 GC heap after
Heap after GC invocations=10 (full 2):
 PSYoungGen      total 275456K, used 17401K [0x000000076ae00000, 0x000000077d780000, 0x00000007c0000000)
  eden space 258048K, 0% used [0x000000076ae00000,0x000000076ae00000,0x000000077aa00000)
  from space 17408K, 99% used [0x000000077c680000,0x000000077d77e798,0x000000077d780000)
  to   space 17920K, 0% used [0x000000077aa00000,0x000000077aa00000,0x000000077bb80000)
 ParOldGen       total 117248K, used 30453K [0x00000006c0a00000, 0x00000006c7c80000, 0x000000076ae00000)
  object space 117248K, 25% used [0x00000006c0a00000,0x00000006c27bd588,0x00000006c7c80000)
 Metaspace       used 36831K, capacity 38014K, committed 38144K, reserved 1083392K
  class space    used 4258K, capacity 4588K, committed 4608K, reserved 1048576K
}

