# JRE version: Java(TM) SE Runtime Environment (8.0_221-b11) (build 1.8.0_221-b11)
# Java VM: Java HotSpot(TM) 64-Bit Server VM (25.221-b11 mixed mode windows-amd64 compressed oops)
Heap:
 PSYoungGen      total 181760K, used 25500K [0x000000076ae00000, 0x0000000779500000, 0x00000007c0000000)
  eden space 166400K, 6% used [0x000000076ae00000,0x000000076b7eb5c8,0x0000000775080000)
  from space 15360K, 99% used [0x0000000776700000,0x00000007775fbb50,0x0000000777600000)
  to   space 23040K, 0% used [0x0000000775080000,0x0000000775080000,0x0000000776700000)
 ParOldGen       total 196096K, used 41439K [0x00000006c0a00000, 0x00000006cc980000, 0x000000076ae00000)
  object space 196096K, 21% used [0x00000006c0a00000,0x00000006c3277f58,0x00000006cc980000)
 Metaspace       used 37277K, capacity 38498K, committed 38656K, reserved 1083392K
  class space    used 4271K, capacity 4606K, committed 4608K, reserved 1048576K
GC Heap History (10 events):
Event: 5.348 GC heap before
{Heap before GC invocations=8 (full 1):
 PSYoungGen      total 136704K, used 131242K [0x000000076ae00000, 0x0000000778300000, 0x00000007c0000000)
  eden space 125952K, 97% used [0x000000076ae00000,0x000000077256b1f0,0x0000000772900000)
  from space 10752K, 83% used [0x0000000773880000,0x000000077413f9f0,0x0000000774300000)
  to   space 15872K, 0% used [0x0000000772900000,0x0000000772900000,0x0000000773880000)
 ParOldGen       total 119296K, used 14058K [0x00000006c0a00000, 0x00000006c7e80000, 0x000000076ae00000)
  object space 119296K, 11% used [0x00000006c0a00000,0x00000006c17ba890,0x00000006c7e80000)
 Metaspace       used 34270K, capacity 35286K, committed 35416K, reserved 1081344K
  class space    used 3994K, capacity 4267K, committed 4352K, reserved 1048576K
Event: 5.354 GC heap after
Heap after GC invocations=8 (full 1):
 PSYoungGen      total 141824K, used 11679K [0x000000076ae00000, 0x0000000777600000, 0x00000007c0000000)
  eden space 125952K, 0% used [0x000000076ae00000,0x000000076ae00000,0x0000000772900000)
  from space 15872K, 73% used [0x0000000772900000,0x0000000773467c10,0x0000000773880000)
  to   space 15360K, 0% used [0x0000000776700000,0x0000000776700000,0x0000000777600000)
 ParOldGen       total 119296K, used 14138K [0x00000006c0a00000, 0x00000006c7e80000, 0x000000076ae00000)
  object space 119296K, 11% used [0x00000006c0a00000,0x00000006c17ce8a0,0x00000006c7e80000)
 Metaspace       used 34270K, capacity 35286K, committed 35416K, reserved 1081344K
  class space    used 3994K, capacity 4267K, committed 4352K, reserved 1048576K
}
Event: 5.354 GC heap before
{Heap before GC invocations=9 (full 2):
 PSYoungGen      total 141824K, used 11679K [0x000000076ae00000, 0x0000000777600000, 0x00000007c0000000)
  eden space 125952K, 0% used [0x000000076ae00000,0x000000076ae00000,0x0000000772900000)
  from space 15872K, 73% used [0x0000000772900000,0x0000000773467c10,0x0000000773880000)
  to   space 15360K, 0% used [0x0000000776700000,0x0000000776700000,0x0000000777600000)
 ParOldGen       total 119296K, used 14138K [0x00000006c0a00000, 0x00000006c7e80000, 0x000000076ae00000)
  object space 119296K, 11% used [0x00000006c0a00000,0x00000006c17ce8a0,0x00000006c7e80000)
 Metaspace       used 34270K, capacity 35286K, committed 35416K, reserved 1081344K
  class space    used 3994K, capacity 4267K, committed 4352K, reserved 1048576K
Event: 5.445 GC heap after
Heap after GC invocations=9 (full 2):
 PSYoungGen      total 141824K, used 0K [0x000000076ae00000, 0x0000000777600000, 0x00000007c0000000)
  eden space 125952K, 0% used [0x000000076ae00000,0x000000076ae00000,0x0000000772900000)
  from space 15872K, 0% used [0x0000000772900000,0x0000000772900000,0x0000000773880000)
  to   space 15360K, 0% used [0x0000000776700000,0x0000000776700000,0x0000000777600000)
 ParOldGen       total 196096K, used 24770K [0x00000006c0a00000, 0x00000006cc980000, 0x000000076ae00000)
  object space 196096K, 12% used [0x00000006c0a00000,0x00000006c2230a00,0x00000006cc980000)
 Metaspace       used 34223K, capacity 35178K, committed 35416K, reserved 1081344K
  class space    used 3988K, capacity 4259K, committed 4352K, reserved 1048576K
}
Event: 6.682 GC heap before
{Heap before GC invocations=10 (full 2):
 PSYoungGen      total 141824K, used 125848K [0x000000076ae00000, 0x0000000777600000, 0x00000007c0000000)
  eden space 125952K, 99% used [0x000000076ae00000,0x00000007728e62d0,0x0000000772900000)
  from space 15872K, 0% used [0x0000000772900000,0x0000000772900000,0x0000000773880000)
  to   space 15360K, 0% used [0x0000000776700000,0x0000000776700000,0x0000000777600000)
 ParOldGen       total 196096K, used 25991K [0x00000006c0a00000, 0x00000006cc980000, 0x000000076ae00000)
  object space 196096K, 13% used [0x00000006c0a00000,0x00000006c2361ce0,0x00000006cc980000)
 Metaspace       used 36461K, capacity 37586K, committed 37632K, reserved 1083392K
  class space    used 4248K, capacity 4580K, committed 4608K, reserved 1048576K
Event: 6.690 GC heap after
Heap after GC invocations=10 (full 2):
 PSYoungGen      total 180224K, used 15349K [0x000000076ae00000, 0x0000000777600000, 0x00000007c0000000)
  eden space 164864K, 0% used [0x000000076ae00000,0x000000076ae00000,0x0000000774f00000)
  from space 15360K, 99% used [0x0000000776700000,0x00000007775fd588,0x0000000777600000)
  to   space 18432K, 0% used [0x0000000775200000,0x0000000775200000,0x0000000776400000)
 ParOldGen       total 196096K, used 30374K [0x00000006c0a00000, 0x00000006cc980000, 0x000000076ae00000)
  object space 196096K, 15% used [0x00000006c0a00000,0x00000006c27a9990,0x00000006cc980000)
 Metaspace       used 36461K, capacity 37586K, committed 37632K, reserved 1083392K
  class space    used 4248K, capacity 4580K, committed 4608K, reserved 1048576K
}
Event: 8.494 GC heap before
{Heap before GC invocations=11 (full 2):
 PSYoungGen      total 180224K, used 180213K [0x000000076ae00000, 0x0000000777600000, 0x00000007c0000000)
  eden space 164864K, 100% used [0x000000076ae00000,0x0000000774f00000,0x0000000774f00000)
  from space 15360K, 99% used [0x0000000776700000,0x00000007775fd588,0x0000000777600000)
  to   space 18432K, 0% used [0x0000000775200000,0x0000000775200000,0x0000000776400000)
 ParOldGen       total 196096K, used 30376K [0x00000006c0a00000, 0x00000006cc980000, 0x000000076ae00000)
  object space 196096K, 15% used [0x00000006c0a00000,0x00000006c27aa2d0,0x00000006cc980000)
 Metaspace       used 36951K, capacity 38148K, committed 38400K, reserved 1083392K
  class space    used 4254K, capacity 4589K, committed 4608K, reserved 1048576K
Event: 8.501 GC heap after
Heap after GC invocations=11 (full 2):
 PSYoungGen      total 183296K, used 11125K [0x000000076ae00000, 0x0000000777600000, 0x00000007c0000000)
  eden space 164864K, 0% used [0x000000076ae00000,0x000000076ae00000,0x0000000774f00000)
  from space 18432K, 60% used [0x0000000775200000,0x0000000775cdd520,0x0000000776400000)
  to   space 15360K, 0% used [0x0000000776700000,0x0000000776700000,0x0000000777600000)
 ParOldGen       total 196096K, used 30384K [0x00000006c0a00000, 0x00000006cc980000, 0x000000076ae00000)
  object space 196096K, 15% used [0x00000006c0a00000,0x00000006c27ac2d0,0x00000006cc980000)
 Metaspace       used 36951K, capacity 38148K, committed 38400K, reserved 1083392K
  class space    used 4254K, capacity 4589K, committed 4608K, reserved 1048576K
}
Event: 9.776 GC heap before
{Heap before GC invocations=12 (full 2):
 PSYoungGen      total 183296K, used 175989K [0x000000076ae00000, 0x0000000777600000, 0x00000007c0000000)
  eden space 164864K, 100% used [0x000000076ae00000,0x0000000774f00000,0x0000000774f00000)
  from space 18432K, 60% used [0x0000000775200000,0x0000000775cdd520,0x0000000776400000)
  to   space 15360K, 0% used [0x0000000776700000,0x0000000776700000,0x0000000777600000)
 ParOldGen       total 196096K, used 30384K [0x00000006c0a00000, 0x00000006cc980000, 0x000000076ae00000)
  object space 196096K, 15% used [0x00000006c0a00000,0x00000006c27ac2d0,0x00000006cc980000)
 Metaspace       used 37275K, capacity 38498K, committed 38656K, reserved 1083392K
  class space    used 4271K, capacity 4606K, committed 4608K, reserved 1048576K
Event: 9.784 GC heap after
Heap after GC invocations=12 (full 2):
 PSYoungGen      total 181760K, used 15342K [0x000000076ae00000, 0x0000000779500000, 0x00000007c0000000)
  eden space 166400K, 0% used [0x000000076ae00000,0x000000076ae00000,0x0000000775080000)
  from space 15360K, 99% used [0x0000000776700000,0x00000007775fbb50,0x0000000777600000)
  to   space 23040K, 0% used [0x0000000775080000,0x0000000775080000,0x0000000776700000)
 ParOldGen       total 196096K, used 41439K [0x00000006c0a00000, 0x00000006cc980000, 0x000000076ae00000)
  object space 196096K, 21% used [0x00000006c0a00000,0x00000006c3277f58,0x00000006cc980000)
 Metaspace       used 37275K, capacity 38498K, committed 38656K, reserved 1083392K
  class space    used 4271K, capacity 4606K, committed 4608K, reserved 1048576K
}

