# JRE version: Java(TM) SE Runtime Environment (8.0_221-b11) (build 1.8.0_221-b11)
# Java VM: Java HotSpot(TM) 64-Bit Server VM (25.221-b11 mixed mode windows-amd64 compressed oops)
Heap:
 PSYoungGen      total 275968K, used 63110K [0x000000076ae00000, 0x000000077d100000, 0x00000007c0000000)
  eden space 258048K, 17% used [0x000000076ae00000,0x000000076da28f68,0x000000077aa00000)
  from space 17920K, 99% used [0x000000077bf80000,0x000000077d0f8b50,0x000000077d100000)
  to   space 18432K, 0% used [0x000000077aa00000,0x000000077aa00000,0x000000077bc00000)
 ParOldGen       total 119808K, used 26065K [0x00000006c0a00000, 0x00000006c7f00000, 0x000000076ae00000)
  object space 119808K, 21% used [0x00000006c0a00000,0x00000006c2374618,0x00000006c7f00000)
 Metaspace       used 38943K, capacity 40558K, committed 40704K, reserved 1085440K
  class space    used 4421K, capacity 4835K, committed 4864K, reserved 1048576K
GC Heap History (10 events):
Event: 4.909 GC heap before
{Heap before GC invocations=8 (full 1):
 PSYoungGen      total 203264K, used 144196K [0x000000076ae00000, 0x000000077ce00000, 0x00000007c0000000)
  eden space 186880K, 68% used [0x000000076ae00000,0x0000000772ad2df8,0x0000000776480000)
  from space 16384K, 99% used [0x000000077be00000,0x000000077cdfe588,0x000000077ce00000)
  to   space 18432K, 0% used [0x000000077aa00000,0x000000077aa00000,0x000000077bc00000)
 ParOldGen       total 119808K, used 14514K [0x00000006c0a00000, 0x00000006c7f00000, 0x000000076ae00000)
  object space 119808K, 12% used [0x00000006c0a00000,0x00000006c182cba8,0x00000006c7f00000)
 Metaspace       used 34372K, capacity 35326K, committed 35416K, reserved 1081344K
  class space    used 4014K, capacity 4303K, committed 4352K, reserved 1048576K
Event: 4.919 GC heap after
Heap after GC invocations=8 (full 1):
 PSYoungGen      total 276480K, used 12124K [0x000000076ae00000, 0x000000077d100000, 0x00000007c0000000)
  eden space 258048K, 0% used [0x000000076ae00000,0x000000076ae00000,0x000000077aa00000)
  from space 18432K, 65% used [0x000000077aa00000,0x000000077b5d70e0,0x000000077bc00000)
  to   space 17920K, 0% used [0x000000077bf80000,0x000000077bf80000,0x000000077d100000)
 ParOldGen       total 119808K, used 14650K [0x00000006c0a00000, 0x00000006c7f00000, 0x000000076ae00000)
  object space 119808K, 12% used [0x00000006c0a00000,0x00000006c184ebc8,0x00000006c7f00000)
 Metaspace       used 34372K, capacity 35326K, committed 35416K, reserved 1081344K
  class space    used 4014K, capacity 4303K, committed 4352K, reserved 1048576K
}
Event: 4.919 GC heap before
{Heap before GC invocations=9 (full 2):
 PSYoungGen      total 276480K, used 12124K [0x000000076ae00000, 0x000000077d100000, 0x00000007c0000000)
  eden space 258048K, 0% used [0x000000076ae00000,0x000000076ae00000,0x000000077aa00000)
  from space 18432K, 65% used [0x000000077aa00000,0x000000077b5d70e0,0x000000077bc00000)
  to   space 17920K, 0% used [0x000000077bf80000,0x000000077bf80000,0x000000077d100000)
 ParOldGen       total 119808K, used 14650K [0x00000006c0a00000, 0x00000006c7f00000, 0x000000076ae00000)
  object space 119808K, 12% used [0x00000006c0a00000,0x00000006c184ebc8,0x00000006c7f00000)
 Metaspace       used 34372K, capacity 35326K, committed 35416K, reserved 1081344K
  class space    used 4014K, capacity 4303K, committed 4352K, reserved 1048576K
Event: 5.026 GC heap after
Heap after GC invocations=9 (full 2):
 PSYoungGen      total 276480K, used 0K [0x000000076ae00000, 0x000000077d100000, 0x00000007c0000000)
  eden space 258048K, 0% used [0x000000076ae00000,0x000000076ae00000,0x000000077aa00000)
  from space 18432K, 0% used [0x000000077aa00000,0x000000077aa00000,0x000000077bc00000)
  to   space 17920K, 0% used [0x000000077bf80000,0x000000077bf80000,0x000000077d100000)
 ParOldGen       total 119808K, used 25236K [0x00000006c0a00000, 0x00000006c7f00000, 0x000000076ae00000)
  object space 119808K, 21% used [0x00000006c0a00000,0x00000006c22a5148,0x00000006c7f00000)
 Metaspace       used 34325K, capacity 35218K, committed 35416K, reserved 1081344K
  class space    used 4008K, capacity 4295K, committed 4352K, reserved 1048576K
}
Event: 7.438 GC heap before
{Heap before GC invocations=10 (full 2):
 PSYoungGen      total 276480K, used 257546K [0x000000076ae00000, 0x000000077d100000, 0x00000007c0000000)
  eden space 258048K, 99% used [0x000000076ae00000,0x000000077a982828,0x000000077aa00000)
  from space 18432K, 0% used [0x000000077aa00000,0x000000077aa00000,0x000000077bc00000)
  to   space 17920K, 0% used [0x000000077bf80000,0x000000077bf80000,0x000000077d100000)
 ParOldGen       total 119808K, used 25236K [0x00000006c0a00000, 0x00000006c7f00000, 0x000000076ae00000)
  object space 119808K, 21% used [0x00000006c0a00000,0x00000006c22a5148,0x00000006c7f00000)
 Metaspace       used 36820K, capacity 38078K, committed 38144K, reserved 1083392K
  class space    used 4258K, capacity 4588K, committed 4608K, reserved 1048576K
Event: 7.444 GC heap after
Heap after GC invocations=10 (full 2):
 PSYoungGen      total 275968K, used 15281K [0x000000076ae00000, 0x000000077d100000, 0x00000007c0000000)
  eden space 258048K, 0% used [0x000000076ae00000,0x000000076ae00000,0x000000077aa00000)
  from space 17920K, 85% used [0x000000077bf80000,0x000000077ce6c4b8,0x000000077d100000)
  to   space 18432K, 0% used [0x000000077aa00000,0x000000077aa00000,0x000000077bc00000)
 ParOldGen       total 119808K, used 25244K [0x00000006c0a00000, 0x00000006c7f00000, 0x000000076ae00000)
  object space 119808K, 21% used [0x00000006c0a00000,0x00000006c22a7148,0x00000006c7f00000)
 Metaspace       used 36820K, capacity 38078K, committed 38144K, reserved 1083392K
  class space    used 4258K, capacity 4588K, committed 4608K, reserved 1048576K
}
Event: 9.451 GC heap before
{Heap before GC invocations=11 (full 2):
 PSYoungGen      total 275968K, used 273329K [0x000000076ae00000, 0x000000077d100000, 0x00000007c0000000)
  eden space 258048K, 100% used [0x000000076ae00000,0x000000077aa00000,0x000000077aa00000)
  from space 17920K, 85% used [0x000000077bf80000,0x000000077ce6c4b8,0x000000077d100000)
  to   space 18432K, 0% used [0x000000077aa00000,0x000000077aa00000,0x000000077bc00000)
 ParOldGen       total 119808K, used 25244K [0x00000006c0a00000, 0x00000006c7f00000, 0x000000076ae00000)
  object space 119808K, 21% used [0x00000006c0a00000,0x00000006c22a7148,0x00000006c7f00000)
 Metaspace       used 37247K, capacity 38434K, committed 38656K, reserved 1083392K
  class space    used 4275K, capacity 4606K, committed 4608K, reserved 1048576K
Event: 9.457 GC heap after
Heap after GC invocations=11 (full 2):
 PSYoungGen      total 276480K, used 10986K [0x000000076ae00000, 0x000000077d100000, 0x00000007c0000000)
  eden space 258048K, 0% used [0x000000076ae00000,0x000000076ae00000,0x000000077aa00000)
  from space 18432K, 59% used [0x000000077aa00000,0x000000077b4baaf8,0x000000077bc00000)
  to   space 17920K, 0% used [0x000000077bf80000,0x000000077bf80000,0x000000077d100000)
 ParOldGen       total 119808K, used 25252K [0x00000006c0a00000, 0x00000006c7f00000, 0x000000076ae00000)
  object space 119808K, 21% used [0x00000006c0a00000,0x00000006c22a9148,0x00000006c7f00000)
 Metaspace       used 37247K, capacity 38434K, committed 38656K, reserved 1083392K
  class space    used 4275K, capacity 4606K, committed 4608K, reserved 1048576K
}
Event: 11.835 GC heap before
{Heap before GC invocations=12 (full 2):
 PSYoungGen      total 276480K, used 269034K [0x000000076ae00000, 0x000000077d100000, 0x00000007c0000000)
  eden space 258048K, 100% used [0x000000076ae00000,0x000000077aa00000,0x000000077aa00000)
  from space 18432K, 59% used [0x000000077aa00000,0x000000077b4baaf8,0x000000077bc00000)
  to   space 17920K, 0% used [0x000000077bf80000,0x000000077bf80000,0x000000077d100000)
 ParOldGen       total 119808K, used 25252K [0x00000006c0a00000, 0x00000006c7f00000, 0x000000076ae00000)
  object space 119808K, 21% used [0x00000006c0a00000,0x00000006c22a9148,0x00000006c7f00000)
 Metaspace       used 38352K, capacity 39824K, committed 40192K, reserved 1085440K
  class space    used 4368K, capacity 4767K, committed 4864K, reserved 1048576K
Event: 11.844 GC heap after
Heap after GC invocations=12 (full 2):
 PSYoungGen      total 275968K, used 17890K [0x000000076ae00000, 0x000000077d100000, 0x00000007c0000000)
  eden space 258048K, 0% used [0x000000076ae00000,0x000000076ae00000,0x000000077aa00000)
  from space 17920K, 99% used [0x000000077bf80000,0x000000077d0f8b50,0x000000077d100000)
  to   space 18432K, 0% used [0x000000077aa00000,0x000000077aa00000,0x000000077bc00000)
 ParOldGen       total 119808K, used 26065K [0x00000006c0a00000, 0x00000006c7f00000, 0x000000076ae00000)
  object space 119808K, 21% used [0x00000006c0a00000,0x00000006c2374618,0x00000006c7f00000)
 Metaspace       used 38352K, capacity 39824K, committed 40192K, reserved 1085440K
  class space    used 4368K, capacity 4767K, committed 4864K, reserved 1048576K
}

