# JRE version: Java(TM) SE Runtime Environment (8.0_221-b11) (build 1.8.0_221-b11)
# Java VM: Java HotSpot(TM) 64-Bit Server VM (25.221-b11 mixed mode windows-amd64 compressed oops)
Heap:
 PSYoungGen      total 285184K, used 81993K [0x000000076ae00000, 0x0000000781900000, 0x00000007c0000000)
  eden space 267776K, 24% used [0x000000076ae00000,0x000000076ed14b18,0x000000077b380000)
  from space 17408K, 99% used [0x000000077c700000,0x000000077d7fd930,0x000000077d800000)
  to   space 19968K, 0% used [0x000000077b380000,0x000000077b380000,0x000000077c700000)
 ParOldGen       total 194048K, used 29258K [0x00000006c0a00000, 0x00000006cc780000, 0x000000076ae00000)
  object space 194048K, 15% used [0x00000006c0a00000,0x00000006c2692988,0x00000006cc780000)
 Metaspace       used 36945K, capacity 38148K, committed 38400K, reserved 1083392K
  class space    used 4259K, capacity 4589K, committed 4608K, reserved 1048576K
GC Heap History (10 events):
Event: 2.428 GC heap before
{Heap before GC invocations=6 (full 1):
 PSYoungGen      total 141824K, used 10720K [0x000000076ae00000, 0x000000077cd00000, 0x00000007c0000000)
  eden space 131072K, 0% used [0x000000076ae00000,0x000000076ae00000,0x0000000772e00000)
  from space 10752K, 99% used [0x0000000772e00000,0x0000000773878020,0x0000000773880000)
  to   space 15872K, 0% used [0x000000077bd80000,0x000000077bd80000,0x000000077cd00000)
 ParOldGen       total 175104K, used 8012K [0x00000006c0a00000, 0x00000006cb500000, 0x000000076ae00000)
  object space 175104K, 4% used [0x00000006c0a00000,0x00000006c11d3320,0x00000006cb500000)
 Metaspace       used 20485K, capacity 21176K, committed 21248K, reserved 1067008K
  class space    used 2522K, capacity 2771K, committed 2816K, reserved 1048576K
Event: 2.475 GC heap after
Heap after GC invocations=6 (full 1):
 PSYoungGen      total 141824K, used 0K [0x000000076ae00000, 0x000000077cd00000, 0x00000007c0000000)
  eden space 131072K, 0% used [0x000000076ae00000,0x000000076ae00000,0x0000000772e00000)
  from space 10752K, 0% used [0x0000000772e00000,0x0000000772e00000,0x0000000773880000)
  to   space 15872K, 0% used [0x000000077bd80000,0x000000077bd80000,0x000000077cd00000)
 ParOldGen       total 117248K, used 14025K [0x00000006c0a00000, 0x00000006c7c80000, 0x000000076ae00000)
  object space 117248K, 11% used [0x00000006c0a00000,0x00000006c17b27f0,0x00000006c7c80000)
 Metaspace       used 20485K, capacity 21176K, committed 21248K, reserved 1067008K
  class space    used 2522K, capacity 2771K, committed 2816K, reserved 1048576K
}
Event: 4.471 GC heap before
{Heap before GC invocations=7 (full 1):
 PSYoungGen      total 141824K, used 131072K [0x000000076ae00000, 0x000000077cd00000, 0x00000007c0000000)
  eden space 131072K, 100% used [0x000000076ae00000,0x0000000772e00000,0x0000000772e00000)
  from space 10752K, 0% used [0x0000000772e00000,0x0000000772e00000,0x0000000773880000)
  to   space 15872K, 0% used [0x000000077bd80000,0x000000077bd80000,0x000000077cd00000)
 ParOldGen       total 117248K, used 14025K [0x00000006c0a00000, 0x00000006c7c80000, 0x000000076ae00000)
  object space 117248K, 11% used [0x00000006c0a00000,0x00000006c17b27f0,0x00000006c7c80000)
 Metaspace       used 28129K, capacity 28940K, committed 29056K, reserved 1075200K
  class space    used 3349K, capacity 3606K, committed 3712K, reserved 1048576K
Event: 4.482 GC heap after
Heap after GC invocations=7 (full 1):
 PSYoungGen      total 206336K, used 15870K [0x000000076ae00000, 0x000000077cd00000, 0x00000007c0000000)
  eden space 190464K, 0% used [0x000000076ae00000,0x000000076ae00000,0x0000000776800000)
  from space 15872K, 99% used [0x000000077bd80000,0x000000077ccff9d0,0x000000077cd00000)
  to   space 17920K, 0% used [0x000000077aa00000,0x000000077aa00000,0x000000077bb80000)
 ParOldGen       total 117248K, used 14759K [0x00000006c0a00000, 0x00000006c7c80000, 0x000000076ae00000)
  object space 117248K, 12% used [0x00000006c0a00000,0x00000006c1869d40,0x00000006c7c80000)
 Metaspace       used 28129K, capacity 28940K, committed 29056K, reserved 1075200K
  class space    used 3349K, capacity 3606K, committed 3712K, reserved 1048576K
}
Event: 5.547 GC heap before
{Heap before GC invocations=8 (full 1):
 PSYoungGen      total 206336K, used 150903K [0x000000076ae00000, 0x000000077cd00000, 0x00000007c0000000)
  eden space 190464K, 70% used [0x000000076ae00000,0x00000007731de5a8,0x0000000776800000)
  from space 15872K, 99% used [0x000000077bd80000,0x000000077ccff9d0,0x000000077cd00000)
  to   space 17920K, 0% used [0x000000077aa00000,0x000000077aa00000,0x000000077bb80000)
 ParOldGen       total 117248K, used 14759K [0x00000006c0a00000, 0x00000006c7c80000, 0x000000076ae00000)
  object space 117248K, 12% used [0x00000006c0a00000,0x00000006c1869d40,0x00000006c7c80000)
 Metaspace       used 34357K, capacity 35320K, committed 35416K, reserved 1081344K
  class space    used 4005K, capacity 4301K, committed 4352K, reserved 1048576K
Event: 5.557 GC heap after
Heap after GC invocations=8 (full 1):
 PSYoungGen      total 275968K, used 12109K [0x000000076ae00000, 0x000000077d800000, 0x00000007c0000000)
  eden space 258048K, 0% used [0x000000076ae00000,0x000000076ae00000,0x000000077aa00000)
  from space 17920K, 67% used [0x000000077aa00000,0x000000077b5d3420,0x000000077bb80000)
  to   space 17408K, 0% used [0x000000077c700000,0x000000077c700000,0x000000077d800000)
 ParOldGen       total 117248K, used 14831K [0x00000006c0a00000, 0x00000006c7c80000, 0x000000076ae00000)
  object space 117248K, 12% used [0x00000006c0a00000,0x00000006c187bd50,0x00000006c7c80000)
 Metaspace       used 34357K, capacity 35320K, committed 35416K, reserved 1081344K
  class space    used 4005K, capacity 4301K, committed 4352K, reserved 1048576K
}
Event: 5.557 GC heap before
{Heap before GC invocations=9 (full 2):
 PSYoungGen      total 275968K, used 12109K [0x000000076ae00000, 0x000000077d800000, 0x00000007c0000000)
  eden space 258048K, 0% used [0x000000076ae00000,0x000000076ae00000,0x000000077aa00000)
  from space 17920K, 67% used [0x000000077aa00000,0x000000077b5d3420,0x000000077bb80000)
  to   space 17408K, 0% used [0x000000077c700000,0x000000077c700000,0x000000077d800000)
 ParOldGen       total 117248K, used 14831K [0x00000006c0a00000, 0x00000006c7c80000, 0x000000076ae00000)
  object space 117248K, 12% used [0x00000006c0a00000,0x00000006c187bd50,0x00000006c7c80000)
 Metaspace       used 34357K, capacity 35320K, committed 35416K, reserved 1081344K
  class space    used 4005K, capacity 4301K, committed 4352K, reserved 1048576K
Event: 5.673 GC heap after
Heap after GC invocations=9 (full 2):
 PSYoungGen      total 275968K, used 0K [0x000000076ae00000, 0x000000077d800000, 0x00000007c0000000)
  eden space 258048K, 0% used [0x000000076ae00000,0x000000076ae00000,0x000000077aa00000)
  from space 17920K, 0% used [0x000000077aa00000,0x000000077aa00000,0x000000077bb80000)
  to   space 17408K, 0% used [0x000000077c700000,0x000000077c700000,0x000000077d800000)
 ParOldGen       total 194048K, used 25173K [0x00000006c0a00000, 0x00000006cc780000, 0x000000076ae00000)
  object space 194048K, 12% used [0x00000006c0a00000,0x00000006c2295680,0x00000006cc780000)
 Metaspace       used 34311K, capacity 35212K, committed 35416K, reserved 1081344K
  class space    used 3999K, capacity 4293K, committed 4352K, reserved 1048576K
}
Event: 8.633 GC heap before
{Heap before GC invocations=10 (full 2):
 PSYoungGen      total 275968K, used 258048K [0x000000076ae00000, 0x000000077d800000, 0x00000007c0000000)
  eden space 258048K, 100% used [0x000000076ae00000,0x000000077aa00000,0x000000077aa00000)
  from space 17920K, 0% used [0x000000077aa00000,0x000000077aa00000,0x000000077bb80000)
  to   space 17408K, 0% used [0x000000077c700000,0x000000077c700000,0x000000077d800000)
 ParOldGen       total 194048K, used 26394K [0x00000006c0a00000, 0x00000006cc780000, 0x000000076ae00000)
  object space 194048K, 13% used [0x00000006c0a00000,0x00000006c23c69e8,0x00000006cc780000)
 Metaspace       used 36844K, capacity 38014K, committed 38144K, reserved 1083392K
  class space    used 4258K, capacity 4588K, committed 4608K, reserved 1048576K
Event: 8.642 GC heap after
Heap after GC invocations=10 (full 2):
 PSYoungGen      total 285184K, used 17398K [0x000000076ae00000, 0x0000000781900000, 0x00000007c0000000)
  eden space 267776K, 0% used [0x000000076ae00000,0x000000076ae00000,0x000000077b380000)
  from space 17408K, 99% used [0x000000077c700000,0x000000077d7fd930,0x000000077d800000)
  to   space 19968K, 0% used [0x000000077b380000,0x000000077b380000,0x000000077c700000)
 ParOldGen       total 194048K, used 29258K [0x00000006c0a00000, 0x00000006cc780000, 0x000000076ae00000)
  object space 194048K, 15% used [0x00000006c0a00000,0x00000006c2692988,0x00000006cc780000)
 Metaspace       used 36844K, capacity 38014K, committed 38144K, reserved 1083392K
  class space    used 4258K, capacity 4588K, committed 4608K, reserved 1048576K
}

